<?xml version="1.0" encoding="UTF-8"?>
<!-- Generated by org.testng.reporters.JUnitXMLReporter -->
<testsuite ignored="0" hostname="LAPTOP-58RNUS7D" failures="0" tests="7" name="Default test" time="292.549" errors="0" timestamp="2024-11-06T17:40:36 IST">
  <testcase classname="Testpkg.lenskarttest" name="Screenshotcheck" time="0.135"/>
  <testcase classname="Basepkg.Baseclass" name="siteLoad" time="10.415"/>
  <testcase classname="Testpkg.lenskarttest" name="Verifylinkcheck" time="256.12"/>
  <testcase classname="Testpkg.lenskarttest" name="Titleverification" time="0.027"/>
  <testcase classname="Testpkg.lenskarttest" name="Textverification" time="0.19"/>
  <testcase classname="Testpkg.lenskarttest" name="Addtocartcheck" time="22.879"/>
  <testcase classname="Testpkg.lenskarttest" name="verifyloginwithcred" time="1.017"/>
</testsuite> <!-- Default test -->
