<?xml version="1.0" encoding="UTF-8"?>
<testng-results ignored="0" total="7" passed="7" failed="0" skipped="0">
  <reporter-output>
  </reporter-output>
  <suite started-at="2024-11-06T17:35:44 IST" name="Default suite" finished-at="2024-11-06T17:40:36 IST" duration-ms="292549">
    <groups>
    </groups>
    <test started-at="2024-11-06T17:35:44 IST" name="Default test" finished-at="2024-11-06T17:40:36 IST" duration-ms="292549">
      <class name="Testpkg.lenskarttest">
        <test-method is-config="true" signature="setUp()[pri:0, instance:Testpkg.lenskarttest@78e4deb0]" started-at="2024-11-06T17:35:44 IST" name="setUp" finished-at="2024-11-06T17:35:46 IST" duration-ms="1727" status="PASS">
          <reporter-output>
          </reporter-output>
        </test-method> <!-- setUp -->
        <test-method signature="Screenshotcheck()[pri:0, instance:Testpkg.lenskarttest@78e4deb0]" started-at="2024-11-06T17:35:46 IST" name="Screenshotcheck" finished-at="2024-11-06T17:35:46 IST" duration-ms="135" status="PASS">
          <reporter-output>
          </reporter-output>
        </test-method> <!-- Screenshotcheck -->
        <test-method signature="siteLoad()[pri:0, instance:Testpkg.lenskarttest@78e4deb0]" started-at="2024-11-06T17:35:46 IST" name="siteLoad" finished-at="2024-11-06T17:35:56 IST" duration-ms="10415" status="PASS">
          <reporter-output>
          </reporter-output>
        </test-method> <!-- siteLoad -->
        <test-method signature="Verifylinkcheck()[pri:2, instance:Testpkg.lenskarttest@78e4deb0]" started-at="2024-11-06T17:35:56 IST" name="Verifylinkcheck" finished-at="2024-11-06T17:40:12 IST" duration-ms="256120" status="PASS">
          <reporter-output>
          </reporter-output>
        </test-method> <!-- Verifylinkcheck -->
        <test-method signature="Titleverification()[pri:3, instance:Testpkg.lenskarttest@78e4deb0]" started-at="2024-11-06T17:40:12 IST" name="Titleverification" finished-at="2024-11-06T17:40:12 IST" duration-ms="27" status="PASS">
          <reporter-output>
          </reporter-output>
        </test-method> <!-- Titleverification -->
        <test-method signature="Textverification()[pri:4, instance:Testpkg.lenskarttest@78e4deb0]" started-at="2024-11-06T17:40:12 IST" name="Textverification" finished-at="2024-11-06T17:40:13 IST" duration-ms="190" status="PASS">
          <reporter-output>
          </reporter-output>
        </test-method> <!-- Textverification -->
        <test-method signature="Addtocartcheck()[pri:5, instance:Testpkg.lenskarttest@78e4deb0]" started-at="2024-11-06T17:40:13 IST" name="Addtocartcheck" finished-at="2024-11-06T17:40:35 IST" duration-ms="22879" status="PASS">
          <reporter-output>
          </reporter-output>
        </test-method> <!-- Addtocartcheck -->
        <test-method signature="verifyloginwithcred()[pri:6, instance:Testpkg.lenskarttest@78e4deb0]" started-at="2024-11-06T17:40:35 IST" name="verifyloginwithcred" finished-at="2024-11-06T17:40:36 IST" duration-ms="1017" status="PASS">
          <reporter-output>
          </reporter-output>
        </test-method> <!-- verifyloginwithcred -->
      </class> <!-- Testpkg.lenskarttest -->
    </test> <!-- Default test -->
  </suite> <!-- Default suite -->
</testng-results>
